Terminals unused in grammar

   FOLD
   COLON
   REV
   SYM
   NAME
   LB
   RB


Grammar

    0 $accept: S $end

    1 S: STOP


Terminals, with rules where they appear

$end (0) 0
error (256)
STOP (258) 1
FOLD (259)
COLON (260)
REV (261)
SYM (262)
NAME (263)
LB (264)
RB (265)


Nonterminals, with rules where they appear

$accept (11)
    on left: 0
S (12)
    on left: 1, on right: 0


State 0

    0 $accept: . S $end

    STOP  shift, and go to state 1

    S  go to state 2


State 1

    1 S: STOP .

    $default  reduce using rule 1 (S)


State 2

    0 $accept: S . $end

    $end  shift, and go to state 3


State 3

    0 $accept: S $end .

    $default  accept
